<?xml version="1.0" encoding="UTF-8"?>
<!-- Generated by org.testng.reporters.JUnitReportReporter -->
<testsuite skipped="0" hostname="DESKTOP-NPGS8OG" name="com.automation.tests.CreateAccountTest" tests="1" failures="0" timestamp="26 Jul 2017 19:50:59 GMT" time="14.529" errors="0">
  <testcase name="createNewAccount" time="14.529" classname="com.automation.tests.CreateAccountTest"/>
</testsuite> <!-- com.automation.tests.CreateAccountTest -->
