<?xml version="1.0" encoding="UTF-8"?>
<!-- Generated by org.testng.reporters.JUnitReportReporter -->
<testsuite skipped="0" hostname="DESKTOP-NPGS8OG" name="com.automation.tests.PlaceOrderAsGuestWithMobilePayTest" tests="1" failures="0" timestamp="03 Aug 2017 19:16:43 GMT" time="26.707" errors="0">
  <testcase name="placeOrderAsGuestWithMobilePay" time="26.707" classname="com.automation.tests.PlaceOrderAsGuestWithMobilePayTest"/>
</testsuite> <!-- com.automation.tests.PlaceOrderAsGuestWithMobilePayTest -->
