<?xml version="1.0" encoding="UTF-8"?>
<!-- Generated by org.testng.reporters.JUnitReportReporter -->
<testsuite skipped="0" hostname="DESKTOP-NPGS8OG" name="com.automation.tests.LoginTest" tests="1" failures="0" timestamp="26 Jul 2017 20:05:35 GMT" time="12.741" errors="0">
  <testcase name="login" time="12.741" classname="com.automation.tests.LoginTest"/>
</testsuite> <!-- com.automation.tests.LoginTest -->
