<?xml version="1.0" encoding="UTF-8"?>
<!-- Generated by org.testng.reporters.JUnitReportReporter -->
<testsuite skipped="0" hostname="DESKTOP-NPGS8OG" name="com.automation.tests.SignInFromCheckoutAndPlaceOrderWithMobilePayTest" tests="1" failures="0" timestamp="03 Aug 2017 19:26:45 GMT" time="25.855" errors="0">
  <testcase name="signInFromCheckoutAndPlaceOrderWithMobilePay" time="25.855" classname="com.automation.tests.SignInFromCheckoutAndPlaceOrderWithMobilePayTest"/>
</testsuite> <!-- com.automation.tests.SignInFromCheckoutAndPlaceOrderWithMobilePayTest -->
