<?xml version="1.0" encoding="UTF-8"?>
<!-- Generated by org.testng.reporters.JUnitReportReporter -->
<testsuite skipped="0" hostname="DESKTOP-NPGS8OG" name="com.automation.tests.SignInFromCheckoutAndPlaceOrderWithBankWireTest" tests="1" failures="0" timestamp="03 Aug 2017 19:28:13 GMT" time="19.938" errors="0">
  <testcase name="signInFromCheckoutAndPlaceOrderWithBankWire" time="19.938" classname="com.automation.tests.SignInFromCheckoutAndPlaceOrderWithBankWireTest"/>
</testsuite> <!-- com.automation.tests.SignInFromCheckoutAndPlaceOrderWithBankWireTest -->
