<?xml version="1.0" encoding="UTF-8"?>
<!-- Generated by org.testng.reporters.JUnitReportReporter -->
<testsuite skipped="0" hostname="DESKTOP-NPGS8OG" name="com.automation.tests.PlaceOrderAsGuestTest" tests="1" failures="0" timestamp="26 Jul 2017 21:23:03 GMT" time="28.426" errors="0">
  <testcase name="placeOrderAsGuest" time="28.426" classname="com.automation.tests.PlaceOrderAsGuestTest"/>
</testsuite> <!-- com.automation.tests.PlaceOrderAsGuestTest -->
