<?xml version="1.0" encoding="UTF-8"?>
<!-- Generated by org.testng.reporters.JUnitReportReporter -->
<testsuite skipped="0" hostname="DESKTOP-NPGS8OG" name="com.automation.tests.RemoveProductFromBagTest" tests="1" failures="0" timestamp="03 Aug 2017 19:33:25 GMT" time="15.075" errors="0">
  <testcase name="removeProductFromBag" time="15.075" classname="com.automation.tests.RemoveProductFromBagTest"/>
</testsuite> <!-- com.automation.tests.RemoveProductFromBagTest -->
