<?xml version="1.0" encoding="UTF-8"?>
<!-- Generated by org.testng.reporters.JUnitReportReporter -->
<testsuite skipped="0" hostname="DESKTOP-NPGS8OG" name="com.automation.tests.PlaceOrderAsGuestWithRambursTest" tests="1" failures="0" timestamp="03 Aug 2017 19:17:30 GMT" time="25.848" errors="0">
  <testcase name="placeOrderAsGuestWithRamburs" time="25.848" classname="com.automation.tests.PlaceOrderAsGuestWithRambursTest"/>
</testsuite> <!-- com.automation.tests.PlaceOrderAsGuestWithRambursTest -->
