<?xml version="1.0" encoding="UTF-8"?>
<!-- Generated by org.testng.reporters.JUnitReportReporter -->
<testsuite skipped="0" hostname="DESKTOP-NPGS8OG" name="com.automation.tests.RemoveProductFromCheckoutTest" tests="1" failures="0" timestamp="03 Aug 2017 19:38:14 GMT" time="16.738" errors="0">
  <testcase name="removeProductFromBag" time="16.738" classname="com.automation.tests.RemoveProductFromCheckoutTest"/>
</testsuite> <!-- com.automation.tests.RemoveProductFromCheckoutTest -->
