<?xml version="1.0" encoding="UTF-8"?>
<!-- Generated by org.testng.reporters.JUnitReportReporter -->
<testsuite skipped="0" hostname="DESKTOP-NPGS8OG" name="com.automation.tests.PlaceOrderAsGuestWithBankWireTest" tests="1" failures="0" timestamp="03 Aug 2017 19:15:04 GMT" time="21.265" errors="0">
  <testcase name="placeOrderAsGuestWithBankWire" time="21.265" classname="com.automation.tests.PlaceOrderAsGuestWithBankWireTest"/>
</testsuite> <!-- com.automation.tests.PlaceOrderAsGuestWithBankWireTest -->
