<?xml version="1.0" encoding="UTF-8"?>
<!-- Generated by org.testng.reporters.JUnitReportReporter -->
<testsuite skipped="0" hostname="DESKTOP-NPGS8OG" name="com.automation.tests.SignInFromCheckoutAndPlaceOrderWithRambursTest" tests="1" failures="0" timestamp="03 Aug 2017 19:23:47 GMT" time="22.770" errors="0">
  <testcase name="signInFromCheckoutAndPlaceOrder" time="22.770" classname="com.automation.tests.SignInFromCheckoutAndPlaceOrderWithRambursTest"/>
</testsuite> <!-- com.automation.tests.SignInFromCheckoutAndPlaceOrderWithRambursTest -->
